#-----------------------------------------------------------
# Vivado v2018.2.2 (64-bit)
# SW Build 2348494 on Mon Oct  1 18:25:44 MDT 2018
# IP Build 2318053 on Mon Oct  1 21:44:26 MDT 2018
# Start of session at: Fri Jan 17 19:54:17 2020
# Process ID: 8316
# Current directory: C:/Users/BresciaPC/Vivado Projects/Ace_Project
# Command line: vivado.exe -gui_launcher_event rodinguilauncherevent12280 C:\Users\BresciaPC\Vivado Projects\Ace_Project\Ace_Project.xpr
# Log file: C:/Users/BresciaPC/Vivado Projects/Ace_Project/vivado.log
# Journal file: C:/Users/BresciaPC/Vivado Projects/Ace_Project\vivado.jou
#-----------------------------------------------------------
start_gui
open_project {C:/Users/BresciaPC/Vivado Projects/Ace_Project/Ace_Project.xpr}
Scanning sources...
Finished scanning sources
INFO: [IP_Flow 19-234] Refreshing IP repositories
INFO: [IP_Flow 19-1704] No user IP repositories specified
INFO: [IP_Flow 19-2313] Loaded Vivado IP repository 'C:/Xilinx/Vivado/2018.2/data/ip'.
open_project: Time (s): cpu = 00:00:15 ; elapsed = 00:00:10 . Memory (MB): peak = 828.574 ; gain = 87.059
update_compile_order -fileset sources_1
reset_run synth_1
launch_runs impl_1 -jobs 4
[Fri Jan 17 19:55:48 2020] Launched synth_1...
Run output will be captured here: C:/Users/BresciaPC/Vivado Projects/Ace_Project/Ace_Project.runs/synth_1/runme.log
[Fri Jan 17 19:55:48 2020] Launched impl_1...
Run output will be captured here: C:/Users/BresciaPC/Vivado Projects/Ace_Project/Ace_Project.runs/impl_1/runme.log
exit
INFO: [Common 17-206] Exiting Vivado at Fri Jan 17 23:58:41 2020...
